[2026-01-18 22:10:23] ALERT: Anomaly detected | Reasons: General anomaly
[2026-01-18 22:10:24] ALERT: Anomaly detected | Reasons: Failed login
[2026-01-18 22:10:26] ALERT: Anomaly detected | Reasons: Failed login
[2026-01-18 22:10:28] ALERT: Anomaly detected | Reasons: Failed login
[2026-01-18 22:10:29] ALERT: Anomaly detected | Reasons: Failed login
[2026-01-18 22:10:31] ALERT: Anomaly detected | Reasons: Root access
[2026-01-18 22:11:03] ALERT: Anomaly detected | Reasons: General anomaly
[2026-01-18 22:11:05] ALERT: Anomaly detected | Reasons: Failed login
[2026-01-18 22:11:06] ALERT: Anomaly detected | Reasons: Failed login
[2026-01-18 22:11:08] ALERT: Anomaly detected | Reasons: Failed login
[2026-01-18 22:11:10] ALERT: Anomaly detected | Reasons: Failed login
[2026-01-18 22:11:12] ALERT: Anomaly detected | Reasons: Root access
[2026-01-18 22:11:44] ALERT: Anomaly detected | Reasons: General anomaly
[2026-01-18 22:11:45] ALERT: Anomaly detected | Reasons: Failed login
[2026-01-18 22:11:47] ALERT: Anomaly detected | Reasons: Failed login
[2026-01-18 22:11:49] ALERT: Anomaly detected | Reasons: Failed login
[2026-01-18 22:11:51] ALERT: Anomaly detected | Reasons: Failed login
[2026-01-18 22:11:52] ALERT: Anomaly detected | Reasons: Root access
[2026-01-18 22:12:24] ALERT: Anomaly detected | Reasons: General anomaly
[2026-01-18 22:12:26] ALERT: Anomaly detected | Reasons: Failed login
[2026-01-18 22:12:27] ALERT: Anomaly detected | Reasons: Failed login
[2026-01-18 22:12:29] ALERT: Anomaly detected | Reasons: Failed login
[2026-01-18 22:12:31] ALERT: Anomaly detected | Reasons: Failed login
[2026-01-18 22:12:33] ALERT: Anomaly detected | Reasons: Root access
[2026-01-18 22:13:04] ALERT: Anomaly detected | Reasons: General anomaly
[2026-01-18 22:13:06] ALERT: Anomaly detected | Reasons: Failed login
[2026-01-18 22:13:08] ALERT: Anomaly detected | Reasons: Failed login
[2026-01-18 22:13:09] ALERT: Anomaly detected | Reasons: Failed login
[2026-01-18 22:13:11] ALERT: Anomaly detected | Reasons: Failed login
[2026-01-18 22:13:13] ALERT: Anomaly detected | Reasons: Root access
[2026-01-18 22:13:45] ALERT: Anomaly detected | Reasons: General anomaly
[2026-01-18 22:13:47] ALERT: Anomaly detected | Reasons: Failed login
[2026-01-18 22:13:48] ALERT: Anomaly detected | Reasons: Failed login
[2026-01-18 22:13:50] ALERT: Anomaly detected | Reasons: Failed login
[2026-01-18 22:13:51] ALERT: Anomaly detected | Reasons: Failed login
[2026-01-18 22:13:53] ALERT: Anomaly detected | Reasons: Root access
[2026-01-18 22:15:34] ALERT: Anomaly detected | Reasons: General anomaly
[2026-01-18 22:15:35] ALERT: Anomaly detected | Reasons: Failed login
[2026-01-18 22:15:37] ALERT: Anomaly detected | Reasons: Failed login
[2026-01-18 22:15:38] ALERT: Anomaly detected | Reasons: Failed login
[2026-01-18 22:15:40] ALERT: Anomaly detected | Reasons: Failed login
[2026-01-18 22:15:42] ALERT: Anomaly detected | Reasons: Root access
[2026-01-18 22:16:13] ALERT: Anomaly detected | Reasons: General anomaly
[2026-01-18 22:16:15] ALERT: Anomaly detected | Reasons: Failed login
[2026-01-18 22:16:17] ALERT: Anomaly detected | Reasons: Failed login
[2026-01-18 22:16:18] ALERT: Anomaly detected | Reasons: Failed login
[2026-01-18 22:16:20] ALERT: Anomaly detected | Reasons: Failed login
[2026-01-18 22:16:21] ALERT: Anomaly detected | Reasons: Root access
[2026-01-18 22:16:53] ALERT: Anomaly detected | Reasons: General anomaly
[2026-01-18 22:16:55] ALERT: Anomaly detected | Reasons: Failed login
[2026-01-18 22:16:57] ALERT: Anomaly detected | Reasons: Failed login
[2026-01-18 22:16:58] ALERT: Anomaly detected | Reasons: Failed login
[2026-01-18 22:17:00] ALERT: Anomaly detected | Reasons: Failed login
[2026-01-18 22:17:02] ALERT: Anomaly detected | Reasons: Root access
[2026-01-18 22:17:33] ALERT: Anomaly detected | Reasons: General anomaly
[2026-01-18 22:17:35] ALERT: Anomaly detected | Reasons: Failed login
[2026-01-18 22:17:37] ALERT: Anomaly detected | Reasons: Failed login
[2026-01-18 22:17:39] ALERT: Anomaly detected | Reasons: Failed login
[2026-01-18 22:17:40] ALERT: Anomaly detected | Reasons: Failed login
[2026-01-18 22:17:42] ALERT: Anomaly detected | Reasons: Root access
[2026-01-18 22:18:13] ALERT: Anomaly detected | Reasons: General anomaly
[2026-01-18 22:18:15] ALERT: Anomaly detected | Reasons: Failed login
[2026-01-18 22:18:17] ALERT: Anomaly detected | Reasons: Failed login
[2026-01-18 22:18:18] ALERT: Anomaly detected | Reasons: Failed login
[2026-01-18 22:18:20] ALERT: Anomaly detected | Reasons: Failed login
[2026-01-18 22:18:21] ALERT: Anomaly detected | Reasons: Root access
[2026-01-18 22:54:13] ALERT: Anomaly detected | Reasons: General anomaly
[2026-01-18 22:54:14] ALERT: Anomaly detected | Reasons: Failed login
[2026-01-18 22:54:15] ALERT: Anomaly detected | Reasons: Failed login
[2026-01-18 22:54:16] ALERT: Anomaly detected | Reasons: Failed login
[2026-01-18 22:54:16] ALERT: Anomaly detected | Reasons: Failed login
[2026-01-18 22:54:17] ALERT: Anomaly detected | Reasons: Root access
[2026-01-18 22:54:48] ALERT: Anomaly detected | Reasons: General anomaly
[2026-01-18 22:54:49] ALERT: Anomaly detected | Reasons: Failed login
[2026-01-18 22:54:50] ALERT: Anomaly detected | Reasons: Failed login
[2026-01-18 22:54:51] ALERT: Anomaly detected | Reasons: Failed login
[2026-01-18 22:54:52] ALERT: Anomaly detected | Reasons: Failed login
[2026-01-18 22:54:53] ALERT: Anomaly detected | Reasons: Root access
[2026-01-18 22:55:24] ALERT: Anomaly detected | Reasons: General anomaly
[2026-01-18 22:55:25] ALERT: Anomaly detected | Reasons: Failed login
[2026-01-18 22:55:26] ALERT: Anomaly detected | Reasons: Failed login
[2026-01-18 22:55:27] ALERT: Anomaly detected | Reasons: Failed login
[2026-01-18 22:55:28] ALERT: Anomaly detected | Reasons: Failed login
[2026-01-18 22:55:29] ALERT: Anomaly detected | Reasons: Root access
[2026-01-18 22:56:00] ALERT: Anomaly detected | Reasons: General anomaly
[2026-01-18 22:56:01] ALERT: Anomaly detected | Reasons: Failed login
[2026-01-18 22:56:02] ALERT: Anomaly detected | Reasons: Failed login
[2026-01-18 22:56:03] ALERT: Anomaly detected | Reasons: Failed login
[2026-01-18 22:56:04] ALERT: Anomaly detected | Reasons: Failed login
[2026-01-18 22:56:05] ALERT: Anomaly detected | Reasons: Root access
[2026-01-18 22:56:36] ALERT: Anomaly detected | Reasons: General anomaly
[2026-01-18 22:56:37] ALERT: Anomaly detected | Reasons: Failed login
[2026-01-18 22:56:38] ALERT: Anomaly detected | Reasons: Failed login
[2026-01-18 22:56:39] ALERT: Anomaly detected | Reasons: Failed login
[2026-01-18 22:56:40] ALERT: Anomaly detected | Reasons: Failed login
[2026-01-18 22:56:41] ALERT: Anomaly detected | Reasons: Root access
[2026-01-18 22:57:11] ALERT: Anomaly detected | Reasons: General anomaly
[2026-01-18 22:57:12] ALERT: Anomaly detected | Reasons: Failed login
[2026-01-18 22:57:13] ALERT: Anomaly detected | Reasons: Failed login
[2026-01-18 22:57:14] ALERT: Anomaly detected | Reasons: Failed login
[2026-01-18 22:57:15] ALERT: Anomaly detected | Reasons: Failed login
[2026-01-18 22:57:16] ALERT: Anomaly detected | Reasons: Root access
[2026-01-18 22:57:47] ALERT: Anomaly detected | Reasons: General anomaly
[2026-01-18 22:57:48] ALERT: Anomaly detected | Reasons: Failed login
[2026-01-18 22:57:49] ALERT: Anomaly detected | Reasons: Failed login
[2026-01-18 22:57:50] ALERT: Anomaly detected | Reasons: Failed login
[2026-01-18 22:57:51] ALERT: Anomaly detected | Reasons: Failed login
[2026-01-18 22:57:52] ALERT: Anomaly detected | Reasons: Root access
[2026-01-18 22:58:23] ALERT: Anomaly detected | Reasons: General anomaly
[2026-01-18 22:58:24] ALERT: Anomaly detected | Reasons: Failed login
[2026-01-18 22:58:25] ALERT: Anomaly detected | Reasons: Failed login
[2026-01-18 22:58:25] ALERT: Anomaly detected | Reasons: Failed login
[2026-01-18 22:58:26] ALERT: Anomaly detected | Reasons: Failed login
[2026-01-18 22:58:27] ALERT: Anomaly detected | Reasons: Root access
[2026-01-18 22:58:58] ALERT: Anomaly detected | Reasons: General anomaly
[2026-01-18 22:58:59] ALERT: Anomaly detected | Reasons: Failed login
[2026-01-18 22:59:00] ALERT: Anomaly detected | Reasons: Failed login
[2026-01-18 22:59:01] ALERT: Anomaly detected | Reasons: Failed login
[2026-01-18 22:59:02] ALERT: Anomaly detected | Reasons: Failed login
[2026-01-18 22:59:03] ALERT: Anomaly detected | Reasons: Root access
[2026-01-18 22:59:34] ALERT: Anomaly detected | Reasons: General anomaly
[2026-01-18 22:59:35] ALERT: Anomaly detected | Reasons: Failed login
[2026-01-18 22:59:36] ALERT: Anomaly detected | Reasons: Failed login
[2026-01-18 22:59:37] ALERT: Anomaly detected | Reasons: Failed login
[2026-01-18 22:59:38] ALERT: Anomaly detected | Reasons: Failed login
[2026-01-18 22:59:39] ALERT: Anomaly detected | Reasons: Root access
[2026-01-18 23:00:10] ALERT: Anomaly detected | Reasons: General anomaly
[2026-01-18 23:00:11] ALERT: Anomaly detected | Reasons: Failed login
[2026-01-18 23:00:12] ALERT: Anomaly detected | Reasons: Failed login
[2026-01-18 23:00:13] ALERT: Anomaly detected | Reasons: Failed login
[2026-01-18 23:00:14] ALERT: Anomaly detected | Reasons: Failed login
[2026-01-18 23:00:15] ALERT: Anomaly detected | Reasons: Root access
[2026-01-18 23:00:46] ALERT: Anomaly detected | Reasons: General anomaly
[2026-01-18 23:00:47] ALERT: Anomaly detected | Reasons: Failed login
[2026-01-18 23:00:47] ALERT: Anomaly detected | Reasons: Failed login
[2026-01-18 23:00:48] ALERT: Anomaly detected | Reasons: Failed login
[2026-01-18 23:00:49] ALERT: Anomaly detected | Reasons: Failed login
[2026-01-18 23:00:50] ALERT: Anomaly detected | Reasons: Root access
[2026-01-18 23:01:21] ALERT: Anomaly detected | Reasons: General anomaly
[2026-01-18 23:01:22] ALERT: Anomaly detected | Reasons: Failed login
[2026-01-18 23:01:23] ALERT: Anomaly detected | Reasons: Failed login
[2026-01-18 23:01:24] ALERT: Anomaly detected | Reasons: Failed login
[2026-01-18 23:01:25] ALERT: Anomaly detected | Reasons: Failed login
[2026-01-18 23:01:26] ALERT: Anomaly detected | Reasons: Root access
[2026-01-18 23:01:57] ALERT: Anomaly detected | Reasons: General anomaly
[2026-01-18 23:01:58] ALERT: Anomaly detected | Reasons: Failed login
[2026-01-18 23:01:59] ALERT: Anomaly detected | Reasons: Failed login
[2026-01-18 23:02:00] ALERT: Anomaly detected | Reasons: Failed login
[2026-01-18 23:02:01] ALERT: Anomaly detected | Reasons: Failed login
[2026-01-18 23:02:02] ALERT: Anomaly detected | Reasons: Root access
[2026-01-18 23:02:33] ALERT: Anomaly detected | Reasons: General anomaly
[2026-01-18 23:02:34] ALERT: Anomaly detected | Reasons: Failed login
[2026-01-18 23:02:35] ALERT: Anomaly detected | Reasons: Failed login
[2026-01-18 23:02:36] ALERT: Anomaly detected | Reasons: Failed login
[2026-01-18 23:02:37] ALERT: Anomaly detected | Reasons: Failed login
[2026-01-18 23:02:38] ALERT: Anomaly detected | Reasons: Root access
[2026-01-18 23:03:09] ALERT: Anomaly detected | Reasons: General anomaly
[2026-01-18 23:03:10] ALERT: Anomaly detected | Reasons: Failed login
[2026-01-18 23:03:11] ALERT: Anomaly detected | Reasons: Failed login
[2026-01-18 23:03:12] ALERT: Anomaly detected | Reasons: Failed login
[2026-01-18 23:03:13] ALERT: Anomaly detected | Reasons: Failed login
[2026-01-18 23:03:14] ALERT: Anomaly detected | Reasons: Root access
[2026-01-18 23:03:45] ALERT: Anomaly detected | Reasons: General anomaly
[2026-01-18 23:03:46] ALERT: Anomaly detected | Reasons: Failed login
[2026-01-18 23:03:46] ALERT: Anomaly detected | Reasons: Failed login
[2026-01-18 23:03:47] ALERT: Anomaly detected | Reasons: Failed login
[2026-01-18 23:03:48] ALERT: Anomaly detected | Reasons: Failed login
[2026-01-18 23:03:49] ALERT: Anomaly detected | Reasons: Root access
[2026-01-18 23:04:20] ALERT: Anomaly detected | Reasons: General anomaly
[2026-01-18 23:04:21] ALERT: Anomaly detected | Reasons: Failed login
[2026-01-18 23:04:22] ALERT: Anomaly detected | Reasons: Failed login
[2026-01-18 23:04:23] ALERT: Anomaly detected | Reasons: Failed login
[2026-01-18 23:04:24] ALERT: Anomaly detected | Reasons: Failed login
[2026-01-18 23:04:25] ALERT: Anomaly detected | Reasons: Root access
[2026-01-18 23:04:56] ALERT: Anomaly detected | Reasons: General anomaly
[2026-01-18 23:04:57] ALERT: Anomaly detected | Reasons: Failed login
[2026-01-18 23:04:58] ALERT: Anomaly detected | Reasons: Failed login
[2026-01-18 23:04:59] ALERT: Anomaly detected | Reasons: Failed login
[2026-01-18 23:05:00] ALERT: Anomaly detected | Reasons: Failed login
[2026-01-18 23:05:01] ALERT: Anomaly detected | Reasons: Root access
[2026-01-18 23:05:32] ALERT: Anomaly detected | Reasons: General anomaly
[2026-01-18 23:05:33] ALERT: Anomaly detected | Reasons: Failed login
[2026-01-18 23:05:34] ALERT: Anomaly detected | Reasons: Failed login
[2026-01-18 23:05:34] ALERT: Anomaly detected | Reasons: Failed login
[2026-01-18 23:05:35] ALERT: Anomaly detected | Reasons: Failed login
[2026-01-18 23:05:36] ALERT: Anomaly detected | Reasons: Root access
[2026-01-18 23:06:07] ALERT: Anomaly detected | Reasons: General anomaly
[2026-01-18 23:06:08] ALERT: Anomaly detected | Reasons: Failed login
[2026-01-18 23:06:09] ALERT: Anomaly detected | Reasons: Failed login
[2026-01-18 23:06:10] ALERT: Anomaly detected | Reasons: Failed login
[2026-01-18 23:06:11] ALERT: Anomaly detected | Reasons: Failed login
[2026-01-18 23:06:12] ALERT: Anomaly detected | Reasons: Root access
[2026-01-18 23:06:43] ALERT: Anomaly detected | Reasons: General anomaly
[2026-01-18 23:06:45] ALERT: Anomaly detected | Reasons: Failed login
[2026-01-18 23:06:48] ALERT: Anomaly detected | Reasons: Failed login
[2026-01-18 23:06:50] ALERT: Anomaly detected | Reasons: Failed login
[2026-01-18 23:06:52] ALERT: Anomaly detected | Reasons: Failed login
[2026-01-18 23:06:55] ALERT: Anomaly detected | Reasons: Root access
[2026-01-18 23:07:28] ALERT: Anomaly detected | Reasons: General anomaly
[2026-01-18 23:07:29] ALERT: Anomaly detected | Reasons: Failed login
[2026-01-18 23:07:30] ALERT: Anomaly detected | Reasons: Failed login
[2026-01-18 23:07:31] ALERT: Anomaly detected | Reasons: Failed login
[2026-01-18 23:07:31] ALERT: Anomaly detected | Reasons: Failed login
[2026-01-18 23:07:32] ALERT: Anomaly detected | Reasons: Root access
[2026-01-18 23:08:03] ALERT: Anomaly detected | Reasons: General anomaly
[2026-01-18 23:08:04] ALERT: Anomaly detected | Reasons: Failed login
[2026-01-18 23:08:05] ALERT: Anomaly detected | Reasons: Failed login
[2026-01-18 23:08:06] ALERT: Anomaly detected | Reasons: Failed login
[2026-01-18 23:08:07] ALERT: Anomaly detected | Reasons: Failed login
[2026-01-18 23:08:08] ALERT: Anomaly detected | Reasons: Root access
[2026-01-18 23:08:39] ALERT: Anomaly detected | Reasons: General anomaly
[2026-01-18 23:08:40] ALERT: Anomaly detected | Reasons: Failed login
[2026-01-18 23:08:41] ALERT: Anomaly detected | Reasons: Failed login
[2026-01-18 23:08:42] ALERT: Anomaly detected | Reasons: Failed login
[2026-01-18 23:08:43] ALERT: Anomaly detected | Reasons: Failed login
[2026-01-18 23:08:44] ALERT: Anomaly detected | Reasons: Root access
[2026-01-18 23:09:15] ALERT: Anomaly detected | Reasons: General anomaly
[2026-01-18 23:09:16] ALERT: Anomaly detected | Reasons: Failed login
[2026-01-18 23:09:17] ALERT: Anomaly detected | Reasons: Failed login
[2026-01-18 23:09:18] ALERT: Anomaly detected | Reasons: Failed login
[2026-01-18 23:09:19] ALERT: Anomaly detected | Reasons: Failed login
[2026-01-18 23:09:20] ALERT: Anomaly detected | Reasons: Root access
[2026-01-18 23:09:50] ALERT: Anomaly detected | Reasons: General anomaly
[2026-01-18 23:09:52] ALERT: Anomaly detected | Reasons: Failed login
[2026-01-18 23:09:52] ALERT: Anomaly detected | Reasons: Failed login
[2026-01-18 23:09:53] ALERT: Anomaly detected | Reasons: Failed login
[2026-01-18 23:09:54] ALERT: Anomaly detected | Reasons: Failed login
[2026-01-18 23:09:55] ALERT: Anomaly detected | Reasons: Root access
[2026-01-18 23:10:26] ALERT: Anomaly detected | Reasons: General anomaly
[2026-01-18 23:10:27] ALERT: Anomaly detected | Reasons: Failed login
[2026-01-18 23:10:28] ALERT: Anomaly detected | Reasons: Failed login
[2026-01-18 23:10:29] ALERT: Anomaly detected | Reasons: Failed login
[2026-01-18 23:10:30] ALERT: Anomaly detected | Reasons: Failed login
[2026-01-18 23:10:31] ALERT: Anomaly detected | Reasons: Root access
[2026-01-18 23:11:02] ALERT: Anomaly detected | Reasons: General anomaly
[2026-01-18 23:11:03] ALERT: Anomaly detected | Reasons: Failed login
[2026-01-18 23:11:04] ALERT: Anomaly detected | Reasons: Failed login
[2026-01-18 23:11:05] ALERT: Anomaly detected | Reasons: Failed login
[2026-01-18 23:11:05] ALERT: Anomaly detected | Reasons: Failed login
[2026-01-18 23:11:06] ALERT: Anomaly detected | Reasons: Root access
[2026-01-18 23:11:37] ALERT: Anomaly detected | Reasons: General anomaly
[2026-01-18 23:11:38] ALERT: Anomaly detected | Reasons: Failed login
[2026-01-18 23:11:39] ALERT: Anomaly detected | Reasons: Failed login
[2026-01-18 23:11:40] ALERT: Anomaly detected | Reasons: Failed login
[2026-01-18 23:11:41] ALERT: Anomaly detected | Reasons: Failed login
[2026-01-18 23:11:42] ALERT: Anomaly detected | Reasons: Root access
[2026-01-18 23:12:13] ALERT: Anomaly detected | Reasons: General anomaly
[2026-01-18 23:12:14] ALERT: Anomaly detected | Reasons: Failed login
[2026-01-18 23:12:15] ALERT: Anomaly detected | Reasons: Failed login
[2026-01-18 23:12:16] ALERT: Anomaly detected | Reasons: Failed login
[2026-01-18 23:12:17] ALERT: Anomaly detected | Reasons: Failed login
[2026-01-18 23:12:18] ALERT: Anomaly detected | Reasons: Root access
[2026-01-18 23:12:49] ALERT: Anomaly detected | Reasons: General anomaly
[2026-01-18 23:12:50] ALERT: Anomaly detected | Reasons: Failed login
[2026-01-18 23:12:51] ALERT: Anomaly detected | Reasons: Failed login
[2026-01-18 23:12:51] ALERT: Anomaly detected | Reasons: Failed login
[2026-01-18 23:12:52] ALERT: Anomaly detected | Reasons: Failed login
[2026-01-18 23:12:53] ALERT: Anomaly detected | Reasons: Root access
[2026-01-18 23:13:24] ALERT: Anomaly detected | Reasons: General anomaly
[2026-01-18 23:13:25] ALERT: Anomaly detected | Reasons: Failed login
[2026-01-18 23:13:26] ALERT: Anomaly detected | Reasons: Failed login
[2026-01-18 23:13:27] ALERT: Anomaly detected | Reasons: Failed login
[2026-01-18 23:13:28] ALERT: Anomaly detected | Reasons: Failed login
[2026-01-18 23:13:29] ALERT: Anomaly detected | Reasons: Root access
[2026-01-18 23:14:00] ALERT: Anomaly detected | Reasons: General anomaly
[2026-01-18 23:14:01] ALERT: Anomaly detected | Reasons: Failed login
[2026-01-18 23:14:02] ALERT: Anomaly detected | Reasons: Failed login
[2026-01-18 23:14:03] ALERT: Anomaly detected | Reasons: Failed login
[2026-01-18 23:14:04] ALERT: Anomaly detected | Reasons: Failed login
[2026-01-18 23:14:05] ALERT: Anomaly detected | Reasons: Root access
[2026-01-18 23:14:36] ALERT: Anomaly detected | Reasons: General anomaly
[2026-01-18 23:14:37] ALERT: Anomaly detected | Reasons: Failed login
[2026-01-18 23:14:38] ALERT: Anomaly detected | Reasons: Failed login
[2026-01-18 23:14:39] ALERT: Anomaly detected | Reasons: Failed login
[2026-01-18 23:14:40] ALERT: Anomaly detected | Reasons: Failed login
[2026-01-18 23:14:40] ALERT: Anomaly detected | Reasons: Root access
[2026-01-18 23:15:11] ALERT: Anomaly detected | Reasons: General anomaly
[2026-01-18 23:15:13] ALERT: Anomaly detected | Reasons: Failed login
[2026-01-18 23:15:14] ALERT: Anomaly detected | Reasons: Failed login
[2026-01-18 23:15:14] ALERT: Anomaly detected | Reasons: Failed login
[2026-01-18 23:15:15] ALERT: Anomaly detected | Reasons: Failed login
[2026-01-18 23:15:16] ALERT: Anomaly detected | Reasons: Root access
[2026-01-18 23:15:47] ALERT: Anomaly detected | Reasons: General anomaly
[2026-01-18 23:15:48] ALERT: Anomaly detected | Reasons: Failed login
[2026-01-18 23:15:49] ALERT: Anomaly detected | Reasons: Failed login
[2026-01-18 23:15:50] ALERT: Anomaly detected | Reasons: Failed login
[2026-01-18 23:15:51] ALERT: Anomaly detected | Reasons: Failed login
[2026-01-18 23:15:52] ALERT: Anomaly detected | Reasons: Root access
[2026-01-18 23:16:23] ALERT: Anomaly detected | Reasons: General anomaly
[2026-01-18 23:16:24] ALERT: Anomaly detected | Reasons: Failed login
[2026-01-18 23:16:25] ALERT: Anomaly detected | Reasons: Failed login
[2026-01-18 23:16:26] ALERT: Anomaly detected | Reasons: Failed login
[2026-01-18 23:16:27] ALERT: Anomaly detected | Reasons: Failed login
[2026-01-18 23:16:28] ALERT: Anomaly detected | Reasons: Root access
[2026-01-18 23:16:59] ALERT: Anomaly detected | Reasons: General anomaly
[2026-01-18 23:17:00] ALERT: Anomaly detected | Reasons: Failed login
[2026-01-18 23:17:01] ALERT: Anomaly detected | Reasons: Failed login
[2026-01-18 23:17:02] ALERT: Anomaly detected | Reasons: Failed login
[2026-01-18 23:17:02] ALERT: Anomaly detected | Reasons: Failed login
[2026-01-18 23:17:03] ALERT: Anomaly detected | Reasons: Root access
[2026-01-18 23:17:34] ALERT: Anomaly detected | Reasons: General anomaly
[2026-01-18 23:17:35] ALERT: Anomaly detected | Reasons: Failed login
[2026-01-18 23:17:36] ALERT: Anomaly detected | Reasons: Failed login
[2026-01-18 23:17:37] ALERT: Anomaly detected | Reasons: Failed login
[2026-01-18 23:17:38] ALERT: Anomaly detected | Reasons: Failed login
[2026-01-18 23:17:39] ALERT: Anomaly detected | Reasons: Root access
[2026-01-18 23:18:10] ALERT: Anomaly detected | Reasons: General anomaly
[2026-01-18 23:18:11] ALERT: Anomaly detected | Reasons: Failed login
[2026-01-18 23:18:12] ALERT: Anomaly detected | Reasons: Failed login
[2026-01-18 23:18:13] ALERT: Anomaly detected | Reasons: Failed login
[2026-01-18 23:18:14] ALERT: Anomaly detected | Reasons: Failed login
[2026-01-18 23:18:15] ALERT: Anomaly detected | Reasons: Root access
[2026-01-18 23:18:46] ALERT: Anomaly detected | Reasons: General anomaly
[2026-01-18 23:18:47] ALERT: Anomaly detected | Reasons: Failed login
[2026-01-18 23:18:47] ALERT: Anomaly detected | Reasons: Failed login
[2026-01-18 23:18:48] ALERT: Anomaly detected | Reasons: Failed login
[2026-01-18 23:18:49] ALERT: Anomaly detected | Reasons: Failed login
[2026-01-18 23:18:50] ALERT: Anomaly detected | Reasons: Root access
[2026-01-18 23:19:21] ALERT: Anomaly detected | Reasons: General anomaly
[2026-01-18 23:19:22] ALERT: Anomaly detected | Reasons: Failed login
[2026-01-18 23:19:23] ALERT: Anomaly detected | Reasons: Failed login
[2026-01-18 23:19:24] ALERT: Anomaly detected | Reasons: Failed login
[2026-01-18 23:19:25] ALERT: Anomaly detected | Reasons: Failed login
[2026-01-18 23:19:26] ALERT: Anomaly detected | Reasons: Root access
[2026-01-18 23:19:57] ALERT: Anomaly detected | Reasons: General anomaly
[2026-01-18 23:19:58] ALERT: Anomaly detected | Reasons: Failed login
[2026-01-18 23:19:59] ALERT: Anomaly detected | Reasons: Failed login
[2026-01-18 23:20:00] ALERT: Anomaly detected | Reasons: Failed login
[2026-01-18 23:20:01] ALERT: Anomaly detected | Reasons: Failed login
[2026-01-18 23:20:01] ALERT: Anomaly detected | Reasons: Root access
[2026-01-18 23:20:32] ALERT: Anomaly detected | Reasons: General anomaly
[2026-01-18 23:20:33] ALERT: Anomaly detected | Reasons: Failed login
[2026-01-18 23:20:34] ALERT: Anomaly detected | Reasons: Failed login
[2026-01-18 23:20:35] ALERT: Anomaly detected | Reasons: Failed login
[2026-01-18 23:20:36] ALERT: Anomaly detected | Reasons: Failed login
[2026-01-18 23:20:37] ALERT: Anomaly detected | Reasons: Root access
[2026-01-18 23:21:08] ALERT: Anomaly detected | Reasons: General anomaly
[2026-01-18 23:21:09] ALERT: Anomaly detected | Reasons: Failed login
[2026-01-18 23:21:10] ALERT: Anomaly detected | Reasons: Failed login
[2026-01-18 23:21:11] ALERT: Anomaly detected | Reasons: Failed login
[2026-01-18 23:21:12] ALERT: Anomaly detected | Reasons: Failed login
[2026-01-18 23:21:13] ALERT: Anomaly detected | Reasons: Root access
[2026-01-18 23:21:44] ALERT: Anomaly detected | Reasons: General anomaly
[2026-01-18 23:21:45] ALERT: Anomaly detected | Reasons: Failed login
[2026-01-18 23:21:46] ALERT: Anomaly detected | Reasons: Failed login
[2026-01-18 23:21:47] ALERT: Anomaly detected | Reasons: Failed login
[2026-01-18 23:21:48] ALERT: Anomaly detected | Reasons: Failed login
[2026-01-18 23:21:49] ALERT: Anomaly detected | Reasons: Root access
[2026-01-18 23:22:20] ALERT: Anomaly detected | Reasons: General anomaly
[2026-01-18 23:22:21] ALERT: Anomaly detected | Reasons: Failed login
[2026-01-18 23:22:22] ALERT: Anomaly detected | Reasons: Failed login
[2026-01-18 23:22:23] ALERT: Anomaly detected | Reasons: Failed login
[2026-01-18 23:22:24] ALERT: Anomaly detected | Reasons: Failed login
[2026-01-18 23:22:25] ALERT: Anomaly detected | Reasons: Root access
[2026-01-18 23:22:56] ALERT: Anomaly detected | Reasons: General anomaly
[2026-01-18 23:22:57] ALERT: Anomaly detected | Reasons: Failed login
[2026-01-18 23:22:58] ALERT: Anomaly detected | Reasons: Failed login
[2026-01-18 23:22:59] ALERT: Anomaly detected | Reasons: Failed login
[2026-01-18 23:23:00] ALERT: Anomaly detected | Reasons: Failed login
[2026-01-18 23:23:01] ALERT: Anomaly detected | Reasons: Root access
[2026-01-18 23:23:32] ALERT: Anomaly detected | Reasons: General anomaly
[2026-01-18 23:23:33] ALERT: Anomaly detected | Reasons: Failed login
[2026-01-18 23:23:34] ALERT: Anomaly detected | Reasons: Failed login
[2026-01-18 23:23:35] ALERT: Anomaly detected | Reasons: Failed login
[2026-01-18 23:23:36] ALERT: Anomaly detected | Reasons: Failed login
[2026-01-18 23:23:37] ALERT: Anomaly detected | Reasons: Root access
[2026-01-18 23:24:07] ALERT: Anomaly detected | Reasons: General anomaly
[2026-01-18 23:24:08] ALERT: Anomaly detected | Reasons: Failed login
[2026-01-18 23:24:09] ALERT: Anomaly detected | Reasons: Failed login
[2026-01-18 23:24:10] ALERT: Anomaly detected | Reasons: Failed login
[2026-01-18 23:24:11] ALERT: Anomaly detected | Reasons: Failed login
[2026-01-18 23:24:12] ALERT: Anomaly detected | Reasons: Root access
[2026-01-18 23:24:43] ALERT: Anomaly detected | Reasons: General anomaly
[2026-01-18 23:24:44] ALERT: Anomaly detected | Reasons: Failed login
[2026-01-18 23:24:45] ALERT: Anomaly detected | Reasons: Failed login
[2026-01-18 23:24:46] ALERT: Anomaly detected | Reasons: Failed login
[2026-01-18 23:24:47] ALERT: Anomaly detected | Reasons: Failed login
[2026-01-18 23:24:48] ALERT: Anomaly detected | Reasons: Root access
[2026-01-18 23:25:19] ALERT: Anomaly detected | Reasons: General anomaly
[2026-01-18 23:25:20] ALERT: Anomaly detected | Reasons: Failed login
[2026-01-18 23:25:21] ALERT: Anomaly detected | Reasons: Failed login
[2026-01-18 23:25:22] ALERT: Anomaly detected | Reasons: Failed login
[2026-01-18 23:25:23] ALERT: Anomaly detected | Reasons: Failed login
[2026-01-18 23:25:24] ALERT: Anomaly detected | Reasons: Root access
[2026-01-18 23:25:55] ALERT: Anomaly detected | Reasons: General anomaly
[2026-01-18 23:25:55] ALERT: Anomaly detected | Reasons: Failed login
[2026-01-18 23:25:56] ALERT: Anomaly detected | Reasons: Failed login
[2026-01-18 23:25:57] ALERT: Anomaly detected | Reasons: Failed login
[2026-01-18 23:25:58] ALERT: Anomaly detected | Reasons: Failed login
[2026-01-18 23:25:59] ALERT: Anomaly detected | Reasons: Root access
[2026-01-18 23:26:30] ALERT: Anomaly detected | Reasons: General anomaly
[2026-01-18 23:26:31] ALERT: Anomaly detected | Reasons: Failed login
[2026-01-18 23:26:32] ALERT: Anomaly detected | Reasons: Failed login
[2026-01-18 23:26:33] ALERT: Anomaly detected | Reasons: Failed login
[2026-01-18 23:26:34] ALERT: Anomaly detected | Reasons: Failed login
[2026-01-18 23:26:35] ALERT: Anomaly detected | Reasons: Root access
[2026-01-18 23:27:06] ALERT: Anomaly detected | Reasons: General anomaly
[2026-01-18 23:27:07] ALERT: Anomaly detected | Reasons: Failed login
[2026-01-18 23:27:08] ALERT: Anomaly detected | Reasons: Failed login
[2026-01-18 23:27:09] ALERT: Anomaly detected | Reasons: Failed login
[2026-01-18 23:27:09] ALERT: Anomaly detected | Reasons: Failed login
[2026-01-18 23:27:10] ALERT: Anomaly detected | Reasons: Root access
[2026-01-21 08:34:55] ALERT: Anomaly detected | Reasons: General anomaly
[2026-01-21 08:34:56] ALERT: Anomaly detected | Reasons: General anomaly
[2026-01-21 08:34:57] ALERT: Anomaly detected | Reasons: Failed login
[2026-01-21 08:34:58] ALERT: Anomaly detected | Reasons: Failed login
[2026-01-21 08:34:59] ALERT: Anomaly detected | Reasons: Failed login
[2026-01-21 08:35:01] ALERT: Anomaly detected | Reasons: Failed login
[2026-01-21 08:35:01] ALERT: Anomaly detected | Reasons: Admin path access, Suspicious web request
[2026-01-21 08:35:02] ALERT: Anomaly detected | Reasons: Admin path access, Suspicious web request
[2026-01-21 08:35:03] ALERT: Anomaly detected | Reasons: Root access
[2026-01-21 08:35:34] ALERT: Anomaly detected | Reasons: General anomaly
[2026-01-21 08:35:35] ALERT: Anomaly detected | Reasons: General anomaly
[2026-01-21 08:35:37] ALERT: Anomaly detected | Reasons: Failed login
[2026-01-21 08:35:38] ALERT: Anomaly detected | Reasons: Failed login
[2026-01-21 08:35:39] ALERT: Anomaly detected | Reasons: Failed login
[2026-01-21 08:35:40] ALERT: Anomaly detected | Reasons: Failed login
[2026-01-21 08:35:41] ALERT: Anomaly detected | Reasons: Admin path access, Suspicious web request
[2026-01-21 08:35:42] ALERT: Anomaly detected | Reasons: Admin path access, Suspicious web request
[2026-01-21 08:35:43] ALERT: Anomaly detected | Reasons: Root access
[2026-01-21 08:36:14] ALERT: Anomaly detected | Reasons: General anomaly
[2026-01-21 08:36:15] ALERT: Anomaly detected | Reasons: General anomaly
[2026-01-21 08:36:16] ALERT: Anomaly detected | Reasons: Failed login
[2026-01-21 08:36:17] ALERT: Anomaly detected | Reasons: Failed login
[2026-01-21 08:36:18] ALERT: Anomaly detected | Reasons: Failed login
[2026-01-21 08:36:19] ALERT: Anomaly detected | Reasons: Failed login
[2026-01-21 08:36:20] ALERT: Anomaly detected | Reasons: Admin path access, Suspicious web request
[2026-01-21 08:36:21] ALERT: Anomaly detected | Reasons: Admin path access, Suspicious web request
[2026-01-21 08:36:22] ALERT: Anomaly detected | Reasons: Root access
[2026-01-21 08:36:53] ALERT: Anomaly detected | Reasons: General anomaly
[2026-01-21 08:36:53] ALERT: Anomaly detected | Reasons: General anomaly
[2026-01-21 08:36:54] ALERT: Anomaly detected | Reasons: Failed login
[2026-01-21 08:36:56] ALERT: Anomaly detected | Reasons: Failed login
[2026-01-21 08:36:57] ALERT: Anomaly detected | Reasons: Failed login
[2026-01-21 08:36:58] ALERT: Anomaly detected | Reasons: Failed login
[2026-01-21 08:36:59] ALERT: Anomaly detected | Reasons: Admin path access, Suspicious web request
[2026-01-21 08:37:00] ALERT: Anomaly detected | Reasons: Admin path access, Suspicious web request
[2026-01-21 08:37:01] ALERT: Anomaly detected | Reasons: Root access
[2026-01-21 08:37:32] ALERT: Anomaly detected | Reasons: General anomaly
[2026-01-21 08:37:33] ALERT: Anomaly detected | Reasons: General anomaly
[2026-01-21 08:37:35] ALERT: Anomaly detected | Reasons: Failed login
[2026-01-21 08:37:36] ALERT: Anomaly detected | Reasons: Failed login
[2026-01-21 08:37:37] ALERT: Anomaly detected | Reasons: Failed login
[2026-01-21 08:37:38] ALERT: Anomaly detected | Reasons: Failed login
[2026-01-21 08:37:39] ALERT: Anomaly detected | Reasons: Admin path access, Suspicious web request
[2026-01-21 08:37:40] ALERT: Anomaly detected | Reasons: Admin path access, Suspicious web request
[2026-01-21 08:37:41] ALERT: Anomaly detected | Reasons: Root access
[2026-01-21 08:38:12] ALERT: Anomaly detected | Reasons: General anomaly
[2026-01-21 08:38:13] ALERT: Anomaly detected | Reasons: General anomaly
[2026-01-21 08:38:14] ALERT: Anomaly detected | Reasons: Failed login
[2026-01-21 08:38:16] ALERT: Anomaly detected | Reasons: Failed login
[2026-01-21 08:38:17] ALERT: Anomaly detected | Reasons: Failed login
[2026-01-21 08:38:18] ALERT: Anomaly detected | Reasons: Failed login
[2026-01-21 08:38:19] ALERT: Anomaly detected | Reasons: Admin path access, Suspicious web request
[2026-01-21 08:38:20] ALERT: Anomaly detected | Reasons: Admin path access, Suspicious web request
[2026-01-21 08:38:21] ALERT: Anomaly detected | Reasons: Root access
[2026-01-21 08:38:52] ALERT: Anomaly detected | Reasons: General anomaly
[2026-01-21 08:38:53] ALERT: Anomaly detected | Reasons: General anomaly
[2026-01-21 08:38:54] ALERT: Anomaly detected | Reasons: Failed login
[2026-01-21 08:38:55] ALERT: Anomaly detected | Reasons: Failed login
[2026-01-21 08:38:56] ALERT: Anomaly detected | Reasons: Failed login
[2026-01-21 08:38:57] ALERT: Anomaly detected | Reasons: Failed login
[2026-01-21 08:38:58] ALERT: Anomaly detected | Reasons: Admin path access, Suspicious web request
[2026-01-21 08:38:59] ALERT: Anomaly detected | Reasons: Admin path access, Suspicious web request
[2026-01-21 08:39:00] ALERT: Anomaly detected | Reasons: Root access
[2026-01-21 08:39:31] ALERT: Anomaly detected | Reasons: General anomaly
[2026-01-21 08:39:32] ALERT: Anomaly detected | Reasons: General anomaly
[2026-01-21 08:39:33] ALERT: Anomaly detected | Reasons: Failed login
[2026-01-21 08:39:34] ALERT: Anomaly detected | Reasons: Failed login
[2026-01-21 08:39:35] ALERT: Anomaly detected | Reasons: Failed login
[2026-01-21 08:39:36] ALERT: Anomaly detected | Reasons: Failed login
[2026-01-21 08:39:37] ALERT: Anomaly detected | Reasons: Admin path access, Suspicious web request
[2026-01-21 08:39:38] ALERT: Anomaly detected | Reasons: Admin path access, Suspicious web request
[2026-01-21 08:39:39] ALERT: Anomaly detected | Reasons: Root access
[2026-01-21 08:40:10] ALERT: Anomaly detected | Reasons: General anomaly
[2026-01-21 08:40:11] ALERT: Anomaly detected | Reasons: General anomaly
[2026-01-21 08:40:12] ALERT: Anomaly detected | Reasons: Failed login
[2026-01-21 08:40:13] ALERT: Anomaly detected | Reasons: Failed login
[2026-01-21 08:40:14] ALERT: Anomaly detected | Reasons: Failed login
[2026-01-21 08:40:15] ALERT: Anomaly detected | Reasons: Failed login
[2026-01-21 08:40:16] ALERT: Anomaly detected | Reasons: Admin path access, Suspicious web request
[2026-01-21 08:40:17] ALERT: Anomaly detected | Reasons: Admin path access, Suspicious web request
[2026-01-21 08:40:18] ALERT: Anomaly detected | Reasons: Root access
[2026-01-21 08:40:33] ALERT: Anomaly detected | Reasons: General anomaly
[2026-01-21 08:40:34] ALERT: Anomaly detected | Reasons: General anomaly
[2026-01-21 08:40:35] ALERT: Anomaly detected | Reasons: Failed login
[2026-01-21 08:40:36] ALERT: Anomaly detected | Reasons: Failed login
[2026-01-21 08:40:37] ALERT: Anomaly detected | Reasons: Failed login
[2026-01-21 08:40:38] ALERT: Anomaly detected | Reasons: Failed login
[2026-01-21 08:40:39] ALERT: Anomaly detected | Reasons: Admin path access, Suspicious web request
[2026-01-21 08:40:40] ALERT: Anomaly detected | Reasons: Admin path access, Suspicious web request
[2026-01-21 08:40:41] ALERT: Anomaly detected | Reasons: Root access
[2026-01-21 08:41:12] ALERT: Anomaly detected | Reasons: General anomaly
[2026-01-21 08:41:13] ALERT: Anomaly detected | Reasons: General anomaly
[2026-01-21 08:41:14] ALERT: Anomaly detected | Reasons: Failed login
[2026-01-21 08:41:15] ALERT: Anomaly detected | Reasons: Failed login
[2026-01-21 08:41:16] ALERT: Anomaly detected | Reasons: Failed login
[2026-01-21 08:41:17] ALERT: Anomaly detected | Reasons: Failed login
[2026-01-21 08:41:18] ALERT: Anomaly detected | Reasons: Admin path access, Suspicious web request
[2026-01-21 08:41:19] ALERT: Anomaly detected | Reasons: Admin path access, Suspicious web request
[2026-01-21 08:41:20] ALERT: Anomaly detected | Reasons: Root access
[2026-01-21 08:41:51] ALERT: Anomaly detected | Reasons: General anomaly
[2026-01-21 08:41:52] ALERT: Anomaly detected | Reasons: General anomaly
[2026-01-21 08:41:53] ALERT: Anomaly detected | Reasons: Failed login
[2026-01-21 08:41:54] ALERT: Anomaly detected | Reasons: Failed login
[2026-01-21 08:41:55] ALERT: Anomaly detected | Reasons: Failed login
[2026-01-21 08:41:56] ALERT: Anomaly detected | Reasons: Failed login
[2026-01-21 08:41:57] ALERT: Anomaly detected | Reasons: Admin path access, Suspicious web request
[2026-01-21 08:41:58] ALERT: Anomaly detected | Reasons: Admin path access, Suspicious web request
[2026-01-21 08:41:59] ALERT: Anomaly detected | Reasons: Root access
[2026-01-21 08:42:30] ALERT: Anomaly detected | Reasons: General anomaly
[2026-01-21 08:42:31] ALERT: Anomaly detected | Reasons: General anomaly
[2026-01-21 08:42:32] ALERT: Anomaly detected | Reasons: Failed login
[2026-01-21 08:42:33] ALERT: Anomaly detected | Reasons: Failed login
[2026-01-21 08:42:34] ALERT: Anomaly detected | Reasons: Failed login
[2026-01-21 08:42:35] ALERT: Anomaly detected | Reasons: Failed login
[2026-01-21 08:42:35] ALERT: Anomaly detected | Reasons: Admin path access, Suspicious web request
[2026-01-21 08:42:36] ALERT: Anomaly detected | Reasons: Admin path access, Suspicious web request
[2026-01-21 08:42:38] ALERT: Anomaly detected | Reasons: Root access
[2026-01-21 08:43:09] ALERT: Anomaly detected | Reasons: General anomaly
[2026-01-21 08:43:10] ALERT: Anomaly detected | Reasons: General anomaly
[2026-01-21 08:43:11] ALERT: Anomaly detected | Reasons: Failed login
[2026-01-21 08:43:12] ALERT: Anomaly detected | Reasons: Failed login
[2026-01-21 08:43:13] ALERT: Anomaly detected | Reasons: Failed login
[2026-01-21 08:43:14] ALERT: Anomaly detected | Reasons: Failed login
[2026-01-21 08:43:15] ALERT: Anomaly detected | Reasons: Admin path access, Suspicious web request
[2026-01-21 08:43:16] ALERT: Anomaly detected | Reasons: Admin path access, Suspicious web request
[2026-01-21 08:43:17] ALERT: Anomaly detected | Reasons: Root access
[2026-01-21 08:43:48] ALERT: Anomaly detected | Reasons: General anomaly
[2026-01-21 08:43:48] ALERT: Anomaly detected | Reasons: General anomaly
[2026-01-21 08:43:49] ALERT: Anomaly detected | Reasons: Failed login
[2026-01-21 08:43:50] ALERT: Anomaly detected | Reasons: Failed login
[2026-01-21 08:43:51] ALERT: Anomaly detected | Reasons: Failed login
[2026-01-21 08:43:52] ALERT: Anomaly detected | Reasons: Failed login
[2026-01-21 08:43:53] ALERT: Anomaly detected | Reasons: Admin path access, Suspicious web request
[2026-01-21 08:43:54] ALERT: Anomaly detected | Reasons: Admin path access, Suspicious web request
[2026-01-21 08:43:55] ALERT: Anomaly detected | Reasons: Root access
[2026-01-21 08:44:26] ALERT: Anomaly detected | Reasons: General anomaly
[2026-01-21 08:44:27] ALERT: Anomaly detected | Reasons: General anomaly
[2026-01-21 08:44:28] ALERT: Anomaly detected | Reasons: Failed login
[2026-01-21 08:44:29] ALERT: Anomaly detected | Reasons: Failed login
[2026-01-21 08:44:30] ALERT: Anomaly detected | Reasons: Failed login
[2026-01-21 08:44:31] ALERT: Anomaly detected | Reasons: Failed login
[2026-01-21 08:44:32] ALERT: Anomaly detected | Reasons: Admin path access, Suspicious web request
[2026-01-21 08:44:33] ALERT: Anomaly detected | Reasons: Admin path access, Suspicious web request
[2026-01-21 08:44:34] ALERT: Anomaly detected | Reasons: Root access
[2026-01-21 08:45:05] ALERT: Anomaly detected | Reasons: General anomaly
[2026-01-21 08:45:06] ALERT: Anomaly detected | Reasons: General anomaly
[2026-01-21 08:45:07] ALERT: Anomaly detected | Reasons: Failed login
[2026-01-21 08:45:08] ALERT: Anomaly detected | Reasons: Failed login
[2026-01-21 08:45:09] ALERT: Anomaly detected | Reasons: Failed login
[2026-01-21 08:45:10] ALERT: Anomaly detected | Reasons: Failed login
[2026-01-21 08:45:11] ALERT: Anomaly detected | Reasons: Admin path access, Suspicious web request
[2026-01-21 08:45:12] ALERT: Anomaly detected | Reasons: Admin path access, Suspicious web request
[2026-01-21 08:45:12] ALERT: Anomaly detected | Reasons: Root access
[2026-01-21 08:45:43] ALERT: Anomaly detected | Reasons: General anomaly
[2026-01-21 08:45:44] ALERT: Anomaly detected | Reasons: General anomaly
[2026-01-21 08:45:45] ALERT: Anomaly detected | Reasons: Failed login
[2026-01-21 08:45:46] ALERT: Anomaly detected | Reasons: Failed login
[2026-01-21 08:45:47] ALERT: Anomaly detected | Reasons: Failed login
[2026-01-21 08:45:48] ALERT: Anomaly detected | Reasons: Failed login
[2026-01-21 08:45:49] ALERT: Anomaly detected | Reasons: Admin path access, Suspicious web request
[2026-01-21 08:45:50] ALERT: Anomaly detected | Reasons: Admin path access, Suspicious web request
[2026-01-21 08:45:51] ALERT: Anomaly detected | Reasons: Root access
[2026-01-21 08:46:22] ALERT: Anomaly detected | Reasons: General anomaly
[2026-01-21 08:46:23] ALERT: Anomaly detected | Reasons: General anomaly
[2026-01-21 08:46:25] ALERT: Anomaly detected | Reasons: Failed login
[2026-01-21 08:46:26] ALERT: Anomaly detected | Reasons: Failed login
[2026-01-21 08:46:27] ALERT: Anomaly detected | Reasons: Failed login
[2026-01-21 08:46:28] ALERT: Anomaly detected | Reasons: Failed login
[2026-01-21 08:46:29] ALERT: Anomaly detected | Reasons: Admin path access, Suspicious web request
[2026-01-21 08:46:30] ALERT: Anomaly detected | Reasons: Admin path access, Suspicious web request
[2026-01-21 08:46:31] ALERT: Anomaly detected | Reasons: Root access
[2026-01-21 08:47:02] ALERT: Anomaly detected | Reasons: General anomaly
[2026-01-21 08:47:03] ALERT: Anomaly detected | Reasons: General anomaly
[2026-01-21 08:47:04] ALERT: Anomaly detected | Reasons: Failed login
[2026-01-21 08:47:04] ALERT: Anomaly detected | Reasons: Failed login
[2026-01-21 08:47:05] ALERT: Anomaly detected | Reasons: Failed login
[2026-01-21 08:47:06] ALERT: Anomaly detected | Reasons: Failed login
[2026-01-21 08:47:07] ALERT: Anomaly detected | Reasons: Admin path access, Suspicious web request
[2026-01-21 08:47:08] ALERT: Anomaly detected | Reasons: Admin path access, Suspicious web request
[2026-01-21 08:47:09] ALERT: Anomaly detected | Reasons: Root access
[2026-01-21 09:02:47] ALERT: Anomaly detected | Reasons: General anomaly
[2026-01-21 09:02:48] ALERT: Anomaly detected | Reasons: General anomaly
[2026-01-21 09:02:49] ALERT: Anomaly detected | Reasons: Failed login
[2026-01-21 09:02:51] ALERT: Anomaly detected | Reasons: Failed login
[2026-01-21 09:02:52] ALERT: Anomaly detected | Reasons: Failed login
[2026-01-21 09:02:52] ALERT: Anomaly detected | Reasons: Failed login
[2026-01-21 09:02:53] ALERT: Anomaly detected | Reasons: Admin path access, Suspicious web request
[2026-01-21 09:02:54] ALERT: Anomaly detected | Reasons: Admin path access, Suspicious web request
[2026-01-21 09:02:55] ALERT: Anomaly detected | Reasons: Root access
[2026-01-21 09:03:27] ALERT: Anomaly detected | Reasons: General anomaly
[2026-01-21 09:03:28] ALERT: Anomaly detected | Reasons: General anomaly
[2026-01-21 09:03:29] ALERT: Anomaly detected | Reasons: Failed login
[2026-01-21 09:03:29] ALERT: Anomaly detected | Reasons: Failed login
[2026-01-21 09:03:31] ALERT: Anomaly detected | Reasons: Failed login
[2026-01-21 09:03:32] ALERT: Anomaly detected | Reasons: Failed login
[2026-01-21 09:03:33] ALERT: Anomaly detected | Reasons: Admin path access, Suspicious web request
[2026-01-21 09:03:34] ALERT: Anomaly detected | Reasons: Admin path access, Suspicious web request
[2026-01-21 09:03:35] ALERT: Anomaly detected | Reasons: Root access
[2026-01-21 09:04:06] ALERT: Anomaly detected | Reasons: General anomaly
[2026-01-21 09:04:07] ALERT: Anomaly detected | Reasons: General anomaly
[2026-01-21 09:04:08] ALERT: Anomaly detected | Reasons: Failed login
[2026-01-21 09:04:09] ALERT: Anomaly detected | Reasons: Failed login
[2026-01-21 09:04:10] ALERT: Anomaly detected | Reasons: Failed login
[2026-01-21 09:04:11] ALERT: Anomaly detected | Reasons: Failed login
[2026-01-21 09:04:12] ALERT: Anomaly detected | Reasons: Admin path access, Suspicious web request
[2026-01-21 09:04:13] ALERT: Anomaly detected | Reasons: Admin path access, Suspicious web request
[2026-01-21 09:04:14] ALERT: Anomaly detected | Reasons: Root access
[2026-01-21 09:04:45] ALERT: Anomaly detected | Reasons: General anomaly
[2026-01-21 09:04:46] ALERT: Anomaly detected | Reasons: General anomaly
[2026-01-21 09:04:47] ALERT: Anomaly detected | Reasons: Failed login
[2026-01-21 09:04:49] ALERT: Anomaly detected | Reasons: Failed login
[2026-01-21 09:04:50] ALERT: Anomaly detected | Reasons: Failed login
[2026-01-21 09:04:51] ALERT: Anomaly detected | Reasons: Failed login
[2026-01-21 09:04:52] ALERT: Anomaly detected | Reasons: Admin path access, Suspicious web request
[2026-01-21 09:04:53] ALERT: Anomaly detected | Reasons: Admin path access, Suspicious web request
[2026-01-21 09:04:53] ALERT: Anomaly detected | Reasons: Root access
[2026-01-21 09:05:24] ALERT: Anomaly detected | Reasons: General anomaly
[2026-01-21 09:05:25] ALERT: Anomaly detected | Reasons: General anomaly
[2026-01-21 09:05:26] ALERT: Anomaly detected | Reasons: Failed login
[2026-01-21 09:05:27] ALERT: Anomaly detected | Reasons: Failed login
[2026-01-21 09:05:29] ALERT: Anomaly detected | Reasons: Failed login
[2026-01-21 09:05:30] ALERT: Anomaly detected | Reasons: Failed login
[2026-01-21 09:05:31] ALERT: Anomaly detected | Reasons: Admin path access, Suspicious web request
[2026-01-21 09:05:32] ALERT: Anomaly detected | Reasons: Admin path access, Suspicious web request
[2026-01-21 09:05:33] ALERT: Anomaly detected | Reasons: Root access
[2026-01-21 09:06:04] ALERT: Anomaly detected | Reasons: General anomaly
[2026-01-21 09:06:05] ALERT: Anomaly detected | Reasons: General anomaly
[2026-01-21 09:06:06] ALERT: Anomaly detected | Reasons: Failed login
[2026-01-21 09:06:07] ALERT: Anomaly detected | Reasons: Failed login
[2026-01-21 09:06:08] ALERT: Anomaly detected | Reasons: Failed login
[2026-01-21 09:06:09] ALERT: Anomaly detected | Reasons: Failed login
[2026-01-21 09:06:10] ALERT: Anomaly detected | Reasons: Admin path access, Suspicious web request
[2026-01-21 09:06:11] ALERT: Anomaly detected | Reasons: Admin path access, Suspicious web request
[2026-01-21 09:06:12] ALERT: Anomaly detected | Reasons: Root access
[2026-01-21 09:06:43] ALERT: Anomaly detected | Reasons: General anomaly
[2026-01-21 09:06:44] ALERT: Anomaly detected | Reasons: General anomaly
[2026-01-21 09:06:45] ALERT: Anomaly detected | Reasons: Failed login
[2026-01-21 09:06:46] ALERT: Anomaly detected | Reasons: Failed login
[2026-01-21 09:06:47] ALERT: Anomaly detected | Reasons: Failed login
[2026-01-21 09:06:48] ALERT: Anomaly detected | Reasons: Failed login
[2026-01-21 09:06:49] ALERT: Anomaly detected | Reasons: Admin path access, Suspicious web request
[2026-01-21 09:06:50] ALERT: Anomaly detected | Reasons: Admin path access, Suspicious web request
[2026-01-21 09:06:51] ALERT: Anomaly detected | Reasons: Root access
[2026-01-21 09:07:22] ALERT: Anomaly detected | Reasons: General anomaly
[2026-01-21 09:07:23] ALERT: Anomaly detected | Reasons: General anomaly
[2026-01-21 09:07:24] ALERT: Anomaly detected | Reasons: Failed login
[2026-01-21 09:07:25] ALERT: Anomaly detected | Reasons: Failed login
[2026-01-21 09:07:26] ALERT: Anomaly detected | Reasons: Failed login
[2026-01-21 09:07:27] ALERT: Anomaly detected | Reasons: Failed login
[2026-01-21 09:07:28] ALERT: Anomaly detected | Reasons: Admin path access, Suspicious web request
[2026-01-21 09:07:29] ALERT: Anomaly detected | Reasons: Admin path access, Suspicious web request
[2026-01-21 09:07:30] ALERT: Anomaly detected | Reasons: Root access
[2026-01-21 09:08:01] ALERT: Anomaly detected | Reasons: General anomaly
[2026-01-21 09:08:02] ALERT: Anomaly detected | Reasons: General anomaly
[2026-01-21 09:08:03] ALERT: Anomaly detected | Reasons: Failed login
[2026-01-21 09:08:04] ALERT: Anomaly detected | Reasons: Failed login
[2026-01-21 09:08:05] ALERT: Anomaly detected | Reasons: Failed login
[2026-01-21 09:08:06] ALERT: Anomaly detected | Reasons: Failed login
[2026-01-21 09:08:07] ALERT: Anomaly detected | Reasons: Admin path access, Suspicious web request
[2026-01-21 09:08:08] ALERT: Anomaly detected | Reasons: Admin path access, Suspicious web request
[2026-01-21 09:08:09] ALERT: Anomaly detected | Reasons: Root access
[2026-01-21 09:08:40] ALERT: Anomaly detected | Reasons: General anomaly
[2026-01-21 09:08:41] ALERT: Anomaly detected | Reasons: General anomaly
[2026-01-21 09:08:42] ALERT: Anomaly detected | Reasons: Failed login
[2026-01-21 09:08:44] ALERT: Anomaly detected | Reasons: Failed login
[2026-01-21 09:08:44] ALERT: Anomaly detected | Reasons: Failed login
[2026-01-21 09:08:45] ALERT: Anomaly detected | Reasons: Failed login
[2026-01-21 09:08:46] ALERT: Anomaly detected | Reasons: Admin path access, Suspicious web request
[2026-01-21 09:08:47] ALERT: Anomaly detected | Reasons: Admin path access, Suspicious web request
[2026-01-21 09:08:49] ALERT: Anomaly detected | Reasons: Root access
[2026-01-21 09:09:20] ALERT: Anomaly detected | Reasons: General anomaly
[2026-01-21 09:09:21] ALERT: Anomaly detected | Reasons: General anomaly
[2026-01-21 09:09:22] ALERT: Anomaly detected | Reasons: Failed login
[2026-01-21 09:09:23] ALERT: Anomaly detected | Reasons: Failed login
[2026-01-21 09:09:24] ALERT: Anomaly detected | Reasons: Failed login
[2026-01-21 09:09:25] ALERT: Anomaly detected | Reasons: Failed login
[2026-01-21 09:09:26] ALERT: Anomaly detected | Reasons: Admin path access, Suspicious web request
[2026-01-21 09:09:27] ALERT: Anomaly detected | Reasons: Admin path access, Suspicious web request
[2026-01-21 09:09:28] ALERT: Anomaly detected | Reasons: Root access
[2026-01-21 09:09:58] ALERT: Anomaly detected | Reasons: General anomaly
[2026-01-21 09:09:59] ALERT: Anomaly detected | Reasons: General anomaly
[2026-01-21 09:10:01] ALERT: Anomaly detected | Reasons: Failed login
[2026-01-21 09:10:01] ALERT: Anomaly detected | Reasons: Failed login
[2026-01-21 09:10:02] ALERT: Anomaly detected | Reasons: Failed login
[2026-01-21 09:10:04] ALERT: Anomaly detected | Reasons: Failed login
[2026-01-21 09:10:05] ALERT: Anomaly detected | Reasons: Admin path access, Suspicious web request
[2026-01-21 09:10:06] ALERT: Anomaly detected | Reasons: Admin path access, Suspicious web request
[2026-01-21 09:10:07] ALERT: Anomaly detected | Reasons: Root access
[2026-01-21 09:10:38] ALERT: Anomaly detected | Reasons: General anomaly
[2026-01-21 09:10:39] ALERT: Anomaly detected | Reasons: General anomaly
[2026-01-21 09:10:40] ALERT: Anomaly detected | Reasons: Failed login
[2026-01-21 09:10:41] ALERT: Anomaly detected | Reasons: Failed login
[2026-01-21 09:10:42] ALERT: Anomaly detected | Reasons: Failed login
[2026-01-21 09:10:43] ALERT: Anomaly detected | Reasons: Failed login
[2026-01-21 09:10:44] ALERT: Anomaly detected | Reasons: Admin path access, Suspicious web request
[2026-01-21 09:10:45] ALERT: Anomaly detected | Reasons: Admin path access, Suspicious web request
[2026-01-21 09:10:45] ALERT: Anomaly detected | Reasons: Root access
[2026-01-21 20:05:43] ALERT:  HTTP brute-force / flood detected | IP: 42.112.91.250 | URI: /login
[2026-01-21 20:09:43] ALERT:  HTTP Flood detected | IP: 42.112.91.250 | URI: /login | Count: 99 requests/60s
[2026-01-21 20:10:45] ALERT:  HTTP Flood detected | IP: 42.112.91.250 | URI: /flood-test | Count: 27 requests/60s
[2026-01-21 20:11:56] ALERT:  HTTP Flood detected | IP: 42.112.91.250 | URI: / | Count: 33 requests/60s
[2026-01-21 20:14:47] ALERT:  HTTP Flood detected | IP: 42.112.91.250 | URI: /login | Count: 29 requests/60s
[2026-01-21 20:16:54] ALERT:  HTTP Flood detected | IP: 42.112.91.250 | URI: / | Count: 194 requests/60s
[2026-01-21 20:16:55] ALERT:  HTTP Flood detected | IP: 42.112.91.250 | URI: /flood-test | Count: 200 requests/60s
[2026-01-21 20:16:56] ALERT:  HTTP Flood detected | IP: 42.112.91.250 | URI: /login | Count: 170 requests/60s
[2026-01-21 20:17:07] ALERT:  HTTP Flood detected | IP: 42.112.91.250 | URI: /flood-test | Count: 37 requests/60s
[2026-01-21 20:17:18] ALERT:  HTTP Flood detected | IP: 42.112.91.250 | URI: /flood-test | Count: 36 requests/60s
[2026-01-21 20:17:29] ALERT:  HTTP Flood detected | IP: 42.112.91.250 | URI: /flood-test | Count: 36 requests/60s
[2026-01-21 20:17:40] ALERT:  HTTP Flood detected | IP: 42.112.91.250 | URI: /flood-test | Count: 36 requests/60s
[2026-01-21 20:17:51] ALERT:  HTTP Flood detected | IP: 42.112.91.250 | URI: /flood-test | Count: 17 requests/60s
[2026-01-21 20:20:22] ALERT:  HTTP Flood detected | IP: 42.112.91.250 | URI: / | Count: 194 requests/60s
[2026-01-21 20:20:23] ALERT:  HTTP Flood detected | IP: 42.112.91.250 | URI: /flood-test | Count: 200 requests/60s
[2026-01-21 20:20:24] ALERT:  HTTP Flood detected | IP: 42.112.91.250 | URI: /login | Count: 170 requests/60s
[2026-01-21 20:20:45] ALERT:  HTTP Flood detected | IP: 42.112.91.250 | URI: /flood-test | Count: 16 requests/60s
[2026-01-21 20:20:56] ALERT:  HTTP Flood detected | IP: 42.112.91.250 | URI: /flood-test | Count: 34 requests/60s
[2026-01-21 20:21:07] ALERT:  HTTP Flood detected | IP: 42.112.91.250 | URI: /flood-test | Count: 36 requests/60s
[2026-01-21 20:21:18] ALERT:  HTTP Flood detected | IP: 42.112.91.250 | URI: /flood-test | Count: 34 requests/60s
[2026-01-21 20:21:29] ALERT:  HTTP Flood detected | IP: 42.112.91.250 | URI: /flood-test | Count: 36 requests/60s
[2026-01-21 20:21:40] ALERT:  HTTP Flood detected | IP: 42.112.91.250 | URI: /flood-test | Count: 35 requests/60s
[2026-01-21 20:22:01] ALERT:  HTTP Flood detected | IP: 42.112.91.250 | URI: / | Count: 27 requests/60s
[2026-01-21 20:22:12] ALERT:  HTTP Flood detected | IP: 42.112.91.250 | URI: / | Count: 29 requests/60s
[2026-01-21 20:22:23] ALERT:  HTTP Flood detected | IP: 42.112.91.250 | URI: / | Count: 19 requests/60s
[2026-01-21 20:23:15] ALERT:  HTTP Flood detected | IP: 42.112.91.250 | URI: /login | Count: 33 requests/60s
[2026-01-21 20:23:26] ALERT:  HTTP Flood detected | IP: 42.112.91.250 | URI: /login | Count: 35 requests/60s
[2026-01-21 20:23:37] ALERT:  HTTP Flood detected | IP: 42.112.91.250 | URI: /login | Count: 34 requests/60s
[2026-01-21 20:23:48] ALERT:  HTTP Flood detected | IP: 42.112.91.250 | URI: /login | Count: 36 requests/60s
[2026-01-21 20:23:59] ALERT:  HTTP Flood detected | IP: 42.112.91.250 | URI: /login | Count: 35 requests/60s
[2026-01-21 20:24:10] ALERT:  HTTP Flood detected | IP: 42.112.91.250 | URI: /login | Count: 35 requests/60s
[2026-01-21 20:24:21] ALERT:  HTTP Flood detected | IP: 42.112.91.250 | URI: /login | Count: 35 requests/60s
[2026-01-21 20:24:32] ALERT:  HTTP Flood detected | IP: 42.112.91.250 | URI: /login | Count: 35 requests/60s
[2026-01-21 20:24:43] ALERT:  HTTP Flood detected | IP: 42.112.91.250 | URI: /login | Count: 22 requests/60s
